[2024-12-15 12:07:59 +0600] [45343] [INFO] GET: /
[2024-12-15 12:07:59 +0600] [45343] [INFO] HOST: 127.0.0.1:8000
[2024-12-15 12:07:59 +0600] [45343] [INFO] CONNECTION: keep-alive
[2024-12-15 12:07:59 +0600] [45343] [INFO] CACHE-CONTROL: max-age=0
[2024-12-15 12:07:59 +0600] [45343] [INFO] SEC-CH-UA: "Google Chrome";v="131", "Chromium";v="131", "Not_A Brand";v="24"
[2024-12-15 12:07:59 +0600] [45343] [INFO] SEC-CH-UA-MOBILE: ?0
[2024-12-15 12:07:59 +0600] [45343] [INFO] SEC-CH-UA-PLATFORM: "Linux"
[2024-12-15 12:07:59 +0600] [45343] [INFO] UPGRADE-INSECURE-REQUESTS: 1
[2024-12-15 12:07:59 +0600] [45343] [INFO] USER-AGENT: Mozilla/5.0 (X11; Linux x86_64) AppleWebKit/537.36 (KHTML, like Gecko) Chrome/131.0.0.0 Safari/537.36
[2024-12-15 12:07:59 +0600] [45343] [INFO] ACCEPT: text/html,application/xhtml+xml,application/xml;q=0.9,image/avif,image/webp,image/apng,*/*;q=0.8,application/signed-exchange;v=b3;q=0.7
[2024-12-15 12:07:59 +0600] [45343] [INFO] SEC-FETCH-SITE: none
[2024-12-15 12:07:59 +0600] [45343] [INFO] SEC-FETCH-MODE: navigate
[2024-12-15 12:07:59 +0600] [45343] [INFO] SEC-FETCH-USER: ?1
[2024-12-15 12:07:59 +0600] [45343] [INFO] SEC-FETCH-DEST: document
[2024-12-15 12:07:59 +0600] [45343] [INFO] ACCEPT-ENCODING: gzip, deflate, br, zstd
[2024-12-15 12:07:59 +0600] [45343] [INFO] ACCEPT-LANGUAGE: ru-RU,ru;q=0.9,en-US;q=0.8,en;q=0.7
[2024-12-15 12:16:01 +0600] [48199] [INFO] GET: /
[2024-12-15 12:16:01 +0600] [48199] [INFO] HOST: 127.0.0.1:8000
[2024-12-15 12:16:01 +0600] [48199] [INFO] CONNECTION: keep-alive
[2024-12-15 12:16:01 +0600] [48199] [INFO] CACHE-CONTROL: max-age=0
[2024-12-15 12:16:01 +0600] [48199] [INFO] SEC-CH-UA: "Google Chrome";v="131", "Chromium";v="131", "Not_A Brand";v="24"
[2024-12-15 12:16:01 +0600] [48199] [INFO] SEC-CH-UA-MOBILE: ?0
[2024-12-15 12:16:01 +0600] [48199] [INFO] SEC-CH-UA-PLATFORM: "Linux"
[2024-12-15 12:16:01 +0600] [48199] [INFO] UPGRADE-INSECURE-REQUESTS: 1
[2024-12-15 12:16:01 +0600] [48199] [INFO] USER-AGENT: Mozilla/5.0 (X11; Linux x86_64) AppleWebKit/537.36 (KHTML, like Gecko) Chrome/131.0.0.0 Safari/537.36
[2024-12-15 12:16:01 +0600] [48199] [INFO] ACCEPT: text/html,application/xhtml+xml,application/xml;q=0.9,image/avif,image/webp,image/apng,*/*;q=0.8,application/signed-exchange;v=b3;q=0.7
[2024-12-15 12:16:01 +0600] [48199] [INFO] SEC-FETCH-SITE: none
[2024-12-15 12:16:01 +0600] [48199] [INFO] SEC-FETCH-MODE: navigate
[2024-12-15 12:16:01 +0600] [48199] [INFO] SEC-FETCH-USER: ?1
[2024-12-15 12:16:01 +0600] [48199] [INFO] SEC-FETCH-DEST: document
[2024-12-15 12:16:01 +0600] [48199] [INFO] ACCEPT-ENCODING: gzip, deflate, br, zstd
[2024-12-15 12:16:01 +0600] [48199] [INFO] ACCEPT-LANGUAGE: ru-RU,ru;q=0.9,en-US;q=0.8,en;q=0.7
[2024-12-15 12:16:01 +0600] [48199] [INFO] GET: /
[2024-12-15 12:16:01 +0600] [48199] [INFO] HOST: 127.0.0.1:8000
[2024-12-15 12:16:01 +0600] [48199] [INFO] CONNECTION: keep-alive
[2024-12-15 12:16:01 +0600] [48199] [INFO] CACHE-CONTROL: max-age=0
[2024-12-15 12:16:01 +0600] [48199] [INFO] SEC-CH-UA: "Google Chrome";v="131", "Chromium";v="131", "Not_A Brand";v="24"
[2024-12-15 12:16:01 +0600] [48199] [INFO] SEC-CH-UA-MOBILE: ?0
[2024-12-15 12:16:01 +0600] [48199] [INFO] SEC-CH-UA-PLATFORM: "Linux"
[2024-12-15 12:16:01 +0600] [48199] [INFO] UPGRADE-INSECURE-REQUESTS: 1
[2024-12-15 12:16:01 +0600] [48199] [INFO] USER-AGENT: Mozilla/5.0 (X11; Linux x86_64) AppleWebKit/537.36 (KHTML, like Gecko) Chrome/131.0.0.0 Safari/537.36
[2024-12-15 12:16:01 +0600] [48199] [INFO] ACCEPT: text/html,application/xhtml+xml,application/xml;q=0.9,image/avif,image/webp,image/apng,*/*;q=0.8,application/signed-exchange;v=b3;q=0.7
[2024-12-15 12:16:01 +0600] [48199] [INFO] SEC-FETCH-SITE: none
[2024-12-15 12:16:01 +0600] [48199] [INFO] SEC-FETCH-MODE: navigate
[2024-12-15 12:16:01 +0600] [48199] [INFO] SEC-FETCH-USER: ?1
[2024-12-15 12:16:01 +0600] [48199] [INFO] SEC-FETCH-DEST: document
[2024-12-15 12:16:01 +0600] [48199] [INFO] ACCEPT-ENCODING: gzip, deflate, br, zstd
[2024-12-15 12:16:01 +0600] [48199] [INFO] ACCEPT-LANGUAGE: ru-RU,ru;q=0.9,en-US;q=0.8,en;q=0.7
[2024-12-15 12:16:01 +0600] [48199] [INFO] GET: /
[2024-12-15 12:16:01 +0600] [48199] [INFO] HOST: 127.0.0.1:8000
[2024-12-15 12:16:01 +0600] [48199] [INFO] CONNECTION: keep-alive
[2024-12-15 12:16:01 +0600] [48199] [INFO] CACHE-CONTROL: max-age=0
[2024-12-15 12:16:01 +0600] [48199] [INFO] SEC-CH-UA: "Google Chrome";v="131", "Chromium";v="131", "Not_A Brand";v="24"
[2024-12-15 12:16:01 +0600] [48199] [INFO] SEC-CH-UA-MOBILE: ?0
[2024-12-15 12:16:01 +0600] [48199] [INFO] SEC-CH-UA-PLATFORM: "Linux"
[2024-12-15 12:16:01 +0600] [48199] [INFO] UPGRADE-INSECURE-REQUESTS: 1
[2024-12-15 12:16:01 +0600] [48199] [INFO] USER-AGENT: Mozilla/5.0 (X11; Linux x86_64) AppleWebKit/537.36 (KHTML, like Gecko) Chrome/131.0.0.0 Safari/537.36
[2024-12-15 12:16:01 +0600] [48199] [INFO] ACCEPT: text/html,application/xhtml+xml,application/xml;q=0.9,image/avif,image/webp,image/apng,*/*;q=0.8,application/signed-exchange;v=b3;q=0.7
[2024-12-15 12:16:01 +0600] [48199] [INFO] SEC-FETCH-SITE: none
[2024-12-15 12:16:01 +0600] [48199] [INFO] SEC-FETCH-MODE: navigate
[2024-12-15 12:16:01 +0600] [48199] [INFO] SEC-FETCH-USER: ?1
[2024-12-15 12:16:01 +0600] [48199] [INFO] SEC-FETCH-DEST: document
[2024-12-15 12:16:01 +0600] [48199] [INFO] ACCEPT-ENCODING: gzip, deflate, br, zstd
[2024-12-15 12:16:01 +0600] [48199] [INFO] ACCEPT-LANGUAGE: ru-RU,ru;q=0.9,en-US;q=0.8,en;q=0.7
[2024-12-15 12:16:01 +0600] [48199] [INFO] GET: /
[2024-12-15 12:16:01 +0600] [48199] [INFO] HOST: 127.0.0.1:8000
[2024-12-15 12:16:01 +0600] [48199] [INFO] CONNECTION: keep-alive
[2024-12-15 12:16:01 +0600] [48199] [INFO] CACHE-CONTROL: max-age=0
[2024-12-15 12:16:01 +0600] [48199] [INFO] SEC-CH-UA: "Google Chrome";v="131", "Chromium";v="131", "Not_A Brand";v="24"
[2024-12-15 12:16:01 +0600] [48199] [INFO] SEC-CH-UA-MOBILE: ?0
[2024-12-15 12:16:01 +0600] [48199] [INFO] SEC-CH-UA-PLATFORM: "Linux"
[2024-12-15 12:16:01 +0600] [48199] [INFO] UPGRADE-INSECURE-REQUESTS: 1
[2024-12-15 12:16:01 +0600] [48199] [INFO] USER-AGENT: Mozilla/5.0 (X11; Linux x86_64) AppleWebKit/537.36 (KHTML, like Gecko) Chrome/131.0.0.0 Safari/537.36
[2024-12-15 12:16:01 +0600] [48199] [INFO] ACCEPT: text/html,application/xhtml+xml,application/xml;q=0.9,image/avif,image/webp,image/apng,*/*;q=0.8,application/signed-exchange;v=b3;q=0.7
[2024-12-15 12:16:01 +0600] [48199] [INFO] SEC-FETCH-SITE: none
[2024-12-15 12:16:01 +0600] [48199] [INFO] SEC-FETCH-MODE: navigate
[2024-12-15 12:16:01 +0600] [48199] [INFO] SEC-FETCH-USER: ?1
[2024-12-15 12:16:01 +0600] [48199] [INFO] SEC-FETCH-DEST: document
[2024-12-15 12:16:01 +0600] [48199] [INFO] ACCEPT-ENCODING: gzip, deflate, br, zstd
[2024-12-15 12:16:01 +0600] [48199] [INFO] ACCEPT-LANGUAGE: ru-RU,ru;q=0.9,en-US;q=0.8,en;q=0.7
[2024-12-15 12:16:13 +0600] [48345] [INFO] GET: /
[2024-12-15 12:16:13 +0600] [48345] [INFO] HOST: 127.0.0.1:8000
[2024-12-15 12:16:13 +0600] [48345] [INFO] CONNECTION: keep-alive
[2024-12-15 12:16:13 +0600] [48345] [INFO] CACHE-CONTROL: max-age=0
[2024-12-15 12:16:13 +0600] [48345] [INFO] SEC-CH-UA: "Google Chrome";v="131", "Chromium";v="131", "Not_A Brand";v="24"
[2024-12-15 12:16:13 +0600] [48345] [INFO] SEC-CH-UA-MOBILE: ?0
[2024-12-15 12:16:13 +0600] [48345] [INFO] SEC-CH-UA-PLATFORM: "Linux"
[2024-12-15 12:16:13 +0600] [48345] [INFO] UPGRADE-INSECURE-REQUESTS: 1
[2024-12-15 12:16:13 +0600] [48345] [INFO] USER-AGENT: Mozilla/5.0 (X11; Linux x86_64) AppleWebKit/537.36 (KHTML, like Gecko) Chrome/131.0.0.0 Safari/537.36
[2024-12-15 12:16:13 +0600] [48345] [INFO] ACCEPT: text/html,application/xhtml+xml,application/xml;q=0.9,image/avif,image/webp,image/apng,*/*;q=0.8,application/signed-exchange;v=b3;q=0.7
[2024-12-15 12:16:13 +0600] [48345] [INFO] SEC-FETCH-SITE: none
[2024-12-15 12:16:13 +0600] [48345] [INFO] SEC-FETCH-MODE: navigate
[2024-12-15 12:16:13 +0600] [48345] [INFO] SEC-FETCH-USER: ?1
[2024-12-15 12:16:13 +0600] [48345] [INFO] SEC-FETCH-DEST: document
[2024-12-15 12:16:13 +0600] [48345] [INFO] ACCEPT-ENCODING: gzip, deflate, br, zstd
[2024-12-15 12:16:13 +0600] [48345] [INFO] ACCEPT-LANGUAGE: ru-RU,ru;q=0.9,en-US;q=0.8,en;q=0.7
[2024-12-15 12:16:13 +0600] [48345] [INFO] GET: /
[2024-12-15 12:16:13 +0600] [48345] [INFO] HOST: 127.0.0.1:8000
[2024-12-15 12:16:13 +0600] [48345] [INFO] CONNECTION: keep-alive
[2024-12-15 12:16:13 +0600] [48345] [INFO] CACHE-CONTROL: max-age=0
[2024-12-15 12:16:13 +0600] [48345] [INFO] SEC-CH-UA: "Google Chrome";v="131", "Chromium";v="131", "Not_A Brand";v="24"
[2024-12-15 12:16:13 +0600] [48345] [INFO] SEC-CH-UA-MOBILE: ?0
[2024-12-15 12:16:13 +0600] [48345] [INFO] SEC-CH-UA-PLATFORM: "Linux"
[2024-12-15 12:16:13 +0600] [48345] [INFO] UPGRADE-INSECURE-REQUESTS: 1
[2024-12-15 12:16:13 +0600] [48345] [INFO] USER-AGENT: Mozilla/5.0 (X11; Linux x86_64) AppleWebKit/537.36 (KHTML, like Gecko) Chrome/131.0.0.0 Safari/537.36
[2024-12-15 12:16:13 +0600] [48345] [INFO] ACCEPT: text/html,application/xhtml+xml,application/xml;q=0.9,image/avif,image/webp,image/apng,*/*;q=0.8,application/signed-exchange;v=b3;q=0.7
[2024-12-15 12:16:13 +0600] [48345] [INFO] SEC-FETCH-SITE: none
[2024-12-15 12:16:13 +0600] [48345] [INFO] SEC-FETCH-MODE: navigate
[2024-12-15 12:16:13 +0600] [48345] [INFO] SEC-FETCH-USER: ?1
[2024-12-15 12:16:13 +0600] [48345] [INFO] SEC-FETCH-DEST: document
[2024-12-15 12:16:13 +0600] [48345] [INFO] ACCEPT-ENCODING: gzip, deflate, br, zstd
[2024-12-15 12:16:13 +0600] [48345] [INFO] ACCEPT-LANGUAGE: ru-RU,ru;q=0.9,en-US;q=0.8,en;q=0.7
[2024-12-15 12:16:13 +0600] [48345] [INFO] GET: /
[2024-12-15 12:16:13 +0600] [48345] [INFO] HOST: 127.0.0.1:8000
[2024-12-15 12:16:13 +0600] [48345] [INFO] CONNECTION: keep-alive
[2024-12-15 12:16:13 +0600] [48345] [INFO] CACHE-CONTROL: max-age=0
[2024-12-15 12:16:13 +0600] [48345] [INFO] SEC-CH-UA: "Google Chrome";v="131", "Chromium";v="131", "Not_A Brand";v="24"
[2024-12-15 12:16:13 +0600] [48345] [INFO] SEC-CH-UA-MOBILE: ?0
[2024-12-15 12:16:13 +0600] [48345] [INFO] SEC-CH-UA-PLATFORM: "Linux"
[2024-12-15 12:16:13 +0600] [48345] [INFO] UPGRADE-INSECURE-REQUESTS: 1
[2024-12-15 12:16:13 +0600] [48345] [INFO] USER-AGENT: Mozilla/5.0 (X11; Linux x86_64) AppleWebKit/537.36 (KHTML, like Gecko) Chrome/131.0.0.0 Safari/537.36
[2024-12-15 12:16:13 +0600] [48345] [INFO] ACCEPT: text/html,application/xhtml+xml,application/xml;q=0.9,image/avif,image/webp,image/apng,*/*;q=0.8,application/signed-exchange;v=b3;q=0.7
[2024-12-15 12:16:13 +0600] [48345] [INFO] SEC-FETCH-SITE: none
[2024-12-15 12:16:13 +0600] [48345] [INFO] SEC-FETCH-MODE: navigate
[2024-12-15 12:16:13 +0600] [48345] [INFO] SEC-FETCH-USER: ?1
[2024-12-15 12:16:13 +0600] [48345] [INFO] SEC-FETCH-DEST: document
[2024-12-15 12:16:13 +0600] [48345] [INFO] ACCEPT-ENCODING: gzip, deflate, br, zstd
[2024-12-15 12:16:13 +0600] [48345] [INFO] ACCEPT-LANGUAGE: ru-RU,ru;q=0.9,en-US;q=0.8,en;q=0.7
[2024-12-15 12:18:20 +0600] [49285] [INFO] GET: /
[2024-12-15 12:18:20 +0600] [49285] [INFO] HOST: 127.0.0.1:8000
[2024-12-15 12:18:20 +0600] [49285] [INFO] CONNECTION: keep-alive
[2024-12-15 12:18:20 +0600] [49285] [INFO] CACHE-CONTROL: max-age=0
[2024-12-15 12:18:20 +0600] [49285] [INFO] SEC-CH-UA: "Google Chrome";v="131", "Chromium";v="131", "Not_A Brand";v="24"
[2024-12-15 12:18:20 +0600] [49285] [INFO] SEC-CH-UA-MOBILE: ?0
[2024-12-15 12:18:20 +0600] [49285] [INFO] SEC-CH-UA-PLATFORM: "Linux"
[2024-12-15 12:18:20 +0600] [49285] [INFO] UPGRADE-INSECURE-REQUESTS: 1
[2024-12-15 12:18:20 +0600] [49285] [INFO] USER-AGENT: Mozilla/5.0 (X11; Linux x86_64) AppleWebKit/537.36 (KHTML, like Gecko) Chrome/131.0.0.0 Safari/537.36
[2024-12-15 12:18:20 +0600] [49285] [INFO] ACCEPT: text/html,application/xhtml+xml,application/xml;q=0.9,image/avif,image/webp,image/apng,*/*;q=0.8,application/signed-exchange;v=b3;q=0.7
[2024-12-15 12:18:20 +0600] [49285] [INFO] SEC-FETCH-SITE: none
[2024-12-15 12:18:20 +0600] [49285] [INFO] SEC-FETCH-MODE: navigate
[2024-12-15 12:18:20 +0600] [49285] [INFO] SEC-FETCH-USER: ?1
[2024-12-15 12:18:20 +0600] [49285] [INFO] SEC-FETCH-DEST: document
[2024-12-15 12:18:20 +0600] [49285] [INFO] ACCEPT-ENCODING: gzip, deflate, br, zstd
[2024-12-15 12:18:20 +0600] [49285] [INFO] ACCEPT-LANGUAGE: ru-RU,ru;q=0.9,en-US;q=0.8,en;q=0.7
[2024-12-15 12:18:21 +0600] [49285] [INFO] GET: /
[2024-12-15 12:18:21 +0600] [49285] [INFO] HOST: 127.0.0.1:8000
[2024-12-15 12:18:21 +0600] [49285] [INFO] CONNECTION: keep-alive
[2024-12-15 12:18:21 +0600] [49285] [INFO] CACHE-CONTROL: max-age=0
[2024-12-15 12:18:21 +0600] [49285] [INFO] SEC-CH-UA: "Google Chrome";v="131", "Chromium";v="131", "Not_A Brand";v="24"
[2024-12-15 12:18:21 +0600] [49285] [INFO] SEC-CH-UA-MOBILE: ?0
[2024-12-15 12:18:21 +0600] [49285] [INFO] SEC-CH-UA-PLATFORM: "Linux"
[2024-12-15 12:18:21 +0600] [49285] [INFO] UPGRADE-INSECURE-REQUESTS: 1
[2024-12-15 12:18:21 +0600] [49285] [INFO] USER-AGENT: Mozilla/5.0 (X11; Linux x86_64) AppleWebKit/537.36 (KHTML, like Gecko) Chrome/131.0.0.0 Safari/537.36
[2024-12-15 12:18:21 +0600] [49285] [INFO] ACCEPT: text/html,application/xhtml+xml,application/xml;q=0.9,image/avif,image/webp,image/apng,*/*;q=0.8,application/signed-exchange;v=b3;q=0.7
[2024-12-15 12:18:21 +0600] [49285] [INFO] SEC-FETCH-SITE: none
[2024-12-15 12:18:21 +0600] [49285] [INFO] SEC-FETCH-MODE: navigate
[2024-12-15 12:18:21 +0600] [49285] [INFO] SEC-FETCH-USER: ?1
[2024-12-15 12:18:21 +0600] [49285] [INFO] SEC-FETCH-DEST: document
[2024-12-15 12:18:21 +0600] [49285] [INFO] ACCEPT-ENCODING: gzip, deflate, br, zstd
[2024-12-15 12:18:21 +0600] [49285] [INFO] ACCEPT-LANGUAGE: ru-RU,ru;q=0.9,en-US;q=0.8,en;q=0.7
[2024-12-15 12:18:37 +0600] [49511] [INFO] GET: /
[2024-12-15 12:18:37 +0600] [49511] [INFO] HOST: 127.0.0.1:8000
[2024-12-15 12:18:37 +0600] [49511] [INFO] CONNECTION: keep-alive
[2024-12-15 12:18:37 +0600] [49511] [INFO] CACHE-CONTROL: max-age=0
[2024-12-15 12:18:37 +0600] [49511] [INFO] SEC-CH-UA: "Google Chrome";v="131", "Chromium";v="131", "Not_A Brand";v="24"
[2024-12-15 12:18:37 +0600] [49511] [INFO] SEC-CH-UA-MOBILE: ?0
[2024-12-15 12:18:37 +0600] [49511] [INFO] SEC-CH-UA-PLATFORM: "Linux"
[2024-12-15 12:18:37 +0600] [49511] [INFO] UPGRADE-INSECURE-REQUESTS: 1
[2024-12-15 12:18:37 +0600] [49511] [INFO] USER-AGENT: Mozilla/5.0 (X11; Linux x86_64) AppleWebKit/537.36 (KHTML, like Gecko) Chrome/131.0.0.0 Safari/537.36
[2024-12-15 12:18:37 +0600] [49511] [INFO] ACCEPT: text/html,application/xhtml+xml,application/xml;q=0.9,image/avif,image/webp,image/apng,*/*;q=0.8,application/signed-exchange;v=b3;q=0.7
[2024-12-15 12:18:37 +0600] [49511] [INFO] SEC-FETCH-SITE: none
[2024-12-15 12:18:37 +0600] [49511] [INFO] SEC-FETCH-MODE: navigate
[2024-12-15 12:18:37 +0600] [49511] [INFO] SEC-FETCH-USER: ?1
[2024-12-15 12:18:37 +0600] [49511] [INFO] SEC-FETCH-DEST: document
[2024-12-15 12:18:37 +0600] [49511] [INFO] ACCEPT-ENCODING: gzip, deflate, br, zstd
[2024-12-15 12:18:37 +0600] [49511] [INFO] ACCEPT-LANGUAGE: ru-RU,ru;q=0.9,en-US;q=0.8,en;q=0.7
[2024-12-15 12:18:38 +0600] [49511] [INFO] GET: /
[2024-12-15 12:18:38 +0600] [49511] [INFO] HOST: 127.0.0.1:8000
[2024-12-15 12:18:38 +0600] [49511] [INFO] CONNECTION: keep-alive
[2024-12-15 12:18:38 +0600] [49511] [INFO] CACHE-CONTROL: max-age=0
[2024-12-15 12:18:38 +0600] [49511] [INFO] SEC-CH-UA: "Google Chrome";v="131", "Chromium";v="131", "Not_A Brand";v="24"
[2024-12-15 12:18:38 +0600] [49511] [INFO] SEC-CH-UA-MOBILE: ?0
[2024-12-15 12:18:38 +0600] [49511] [INFO] SEC-CH-UA-PLATFORM: "Linux"
[2024-12-15 12:18:38 +0600] [49511] [INFO] UPGRADE-INSECURE-REQUESTS: 1
[2024-12-15 12:18:38 +0600] [49511] [INFO] USER-AGENT: Mozilla/5.0 (X11; Linux x86_64) AppleWebKit/537.36 (KHTML, like Gecko) Chrome/131.0.0.0 Safari/537.36
[2024-12-15 12:18:38 +0600] [49511] [INFO] ACCEPT: text/html,application/xhtml+xml,application/xml;q=0.9,image/avif,image/webp,image/apng,*/*;q=0.8,application/signed-exchange;v=b3;q=0.7
[2024-12-15 12:18:38 +0600] [49511] [INFO] SEC-FETCH-SITE: none
[2024-12-15 12:18:38 +0600] [49511] [INFO] SEC-FETCH-MODE: navigate
[2024-12-15 12:18:38 +0600] [49511] [INFO] SEC-FETCH-USER: ?1
[2024-12-15 12:18:38 +0600] [49511] [INFO] SEC-FETCH-DEST: document
[2024-12-15 12:18:38 +0600] [49511] [INFO] ACCEPT-ENCODING: gzip, deflate, br, zstd
[2024-12-15 12:18:38 +0600] [49511] [INFO] ACCEPT-LANGUAGE: ru-RU,ru;q=0.9,en-US;q=0.8,en;q=0.7
[2024-12-15 12:18:38 +0600] [49511] [INFO] GET: /
[2024-12-15 12:18:38 +0600] [49511] [INFO] HOST: 127.0.0.1:8000
[2024-12-15 12:18:38 +0600] [49511] [INFO] CONNECTION: keep-alive
[2024-12-15 12:18:38 +0600] [49511] [INFO] CACHE-CONTROL: max-age=0
[2024-12-15 12:18:38 +0600] [49511] [INFO] SEC-CH-UA: "Google Chrome";v="131", "Chromium";v="131", "Not_A Brand";v="24"
[2024-12-15 12:18:38 +0600] [49511] [INFO] SEC-CH-UA-MOBILE: ?0
[2024-12-15 12:18:38 +0600] [49511] [INFO] SEC-CH-UA-PLATFORM: "Linux"
[2024-12-15 12:18:38 +0600] [49511] [INFO] UPGRADE-INSECURE-REQUESTS: 1
[2024-12-15 12:18:38 +0600] [49511] [INFO] USER-AGENT: Mozilla/5.0 (X11; Linux x86_64) AppleWebKit/537.36 (KHTML, like Gecko) Chrome/131.0.0.0 Safari/537.36
[2024-12-15 12:18:38 +0600] [49511] [INFO] ACCEPT: text/html,application/xhtml+xml,application/xml;q=0.9,image/avif,image/webp,image/apng,*/*;q=0.8,application/signed-exchange;v=b3;q=0.7
[2024-12-15 12:18:38 +0600] [49511] [INFO] SEC-FETCH-SITE: none
[2024-12-15 12:18:38 +0600] [49511] [INFO] SEC-FETCH-MODE: navigate
[2024-12-15 12:18:38 +0600] [49511] [INFO] SEC-FETCH-USER: ?1
[2024-12-15 12:18:38 +0600] [49511] [INFO] SEC-FETCH-DEST: document
[2024-12-15 12:18:38 +0600] [49511] [INFO] ACCEPT-ENCODING: gzip, deflate, br, zstd
[2024-12-15 12:18:38 +0600] [49511] [INFO] ACCEPT-LANGUAGE: ru-RU,ru;q=0.9,en-US;q=0.8,en;q=0.7
[2024-12-15 12:18:38 +0600] [49511] [INFO] GET: /
[2024-12-15 12:18:38 +0600] [49511] [INFO] HOST: 127.0.0.1:8000
[2024-12-15 12:18:38 +0600] [49511] [INFO] CONNECTION: keep-alive
[2024-12-15 12:18:38 +0600] [49511] [INFO] CACHE-CONTROL: max-age=0
[2024-12-15 12:18:38 +0600] [49511] [INFO] SEC-CH-UA: "Google Chrome";v="131", "Chromium";v="131", "Not_A Brand";v="24"
[2024-12-15 12:18:38 +0600] [49511] [INFO] SEC-CH-UA-MOBILE: ?0
[2024-12-15 12:18:38 +0600] [49511] [INFO] SEC-CH-UA-PLATFORM: "Linux"
[2024-12-15 12:18:38 +0600] [49511] [INFO] UPGRADE-INSECURE-REQUESTS: 1
[2024-12-15 12:18:38 +0600] [49511] [INFO] USER-AGENT: Mozilla/5.0 (X11; Linux x86_64) AppleWebKit/537.36 (KHTML, like Gecko) Chrome/131.0.0.0 Safari/537.36
[2024-12-15 12:18:38 +0600] [49511] [INFO] ACCEPT: text/html,application/xhtml+xml,application/xml;q=0.9,image/avif,image/webp,image/apng,*/*;q=0.8,application/signed-exchange;v=b3;q=0.7
[2024-12-15 12:18:38 +0600] [49511] [INFO] SEC-FETCH-SITE: none
[2024-12-15 12:18:38 +0600] [49511] [INFO] SEC-FETCH-MODE: navigate
[2024-12-15 12:18:38 +0600] [49511] [INFO] SEC-FETCH-USER: ?1
[2024-12-15 12:18:38 +0600] [49511] [INFO] SEC-FETCH-DEST: document
[2024-12-15 12:18:38 +0600] [49511] [INFO] ACCEPT-ENCODING: gzip, deflate, br, zstd
[2024-12-15 12:18:38 +0600] [49511] [INFO] ACCEPT-LANGUAGE: ru-RU,ru;q=0.9,en-US;q=0.8,en;q=0.7
[2024-12-15 12:18:38 +0600] [49511] [INFO] GET: /
[2024-12-15 12:18:38 +0600] [49511] [INFO] HOST: 127.0.0.1:8000
[2024-12-15 12:18:38 +0600] [49511] [INFO] CONNECTION: keep-alive
[2024-12-15 12:18:38 +0600] [49511] [INFO] CACHE-CONTROL: max-age=0
[2024-12-15 12:18:38 +0600] [49511] [INFO] SEC-CH-UA: "Google Chrome";v="131", "Chromium";v="131", "Not_A Brand";v="24"
[2024-12-15 12:18:38 +0600] [49511] [INFO] SEC-CH-UA-MOBILE: ?0
[2024-12-15 12:18:38 +0600] [49511] [INFO] SEC-CH-UA-PLATFORM: "Linux"
[2024-12-15 12:18:38 +0600] [49511] [INFO] UPGRADE-INSECURE-REQUESTS: 1
[2024-12-15 12:18:38 +0600] [49511] [INFO] USER-AGENT: Mozilla/5.0 (X11; Linux x86_64) AppleWebKit/537.36 (KHTML, like Gecko) Chrome/131.0.0.0 Safari/537.36
[2024-12-15 12:18:38 +0600] [49511] [INFO] ACCEPT: text/html,application/xhtml+xml,application/xml;q=0.9,image/avif,image/webp,image/apng,*/*;q=0.8,application/signed-exchange;v=b3;q=0.7
[2024-12-15 12:18:38 +0600] [49511] [INFO] SEC-FETCH-SITE: none
[2024-12-15 12:18:38 +0600] [49511] [INFO] SEC-FETCH-MODE: navigate
[2024-12-15 12:18:38 +0600] [49511] [INFO] SEC-FETCH-USER: ?1
[2024-12-15 12:18:38 +0600] [49511] [INFO] SEC-FETCH-DEST: document
[2024-12-15 12:18:38 +0600] [49511] [INFO] ACCEPT-ENCODING: gzip, deflate, br, zstd
[2024-12-15 12:18:38 +0600] [49511] [INFO] ACCEPT-LANGUAGE: ru-RU,ru;q=0.9,en-US;q=0.8,en;q=0.7
[2024-12-15 12:18:38 +0600] [49511] [INFO] GET: /
[2024-12-15 12:18:38 +0600] [49511] [INFO] HOST: 127.0.0.1:8000
[2024-12-15 12:18:38 +0600] [49511] [INFO] CONNECTION: keep-alive
[2024-12-15 12:18:38 +0600] [49511] [INFO] CACHE-CONTROL: max-age=0
[2024-12-15 12:18:38 +0600] [49511] [INFO] SEC-CH-UA: "Google Chrome";v="131", "Chromium";v="131", "Not_A Brand";v="24"
[2024-12-15 12:18:38 +0600] [49511] [INFO] SEC-CH-UA-MOBILE: ?0
[2024-12-15 12:18:38 +0600] [49511] [INFO] SEC-CH-UA-PLATFORM: "Linux"
[2024-12-15 12:18:38 +0600] [49511] [INFO] UPGRADE-INSECURE-REQUESTS: 1
[2024-12-15 12:18:38 +0600] [49511] [INFO] USER-AGENT: Mozilla/5.0 (X11; Linux x86_64) AppleWebKit/537.36 (KHTML, like Gecko) Chrome/131.0.0.0 Safari/537.36
[2024-12-15 12:18:38 +0600] [49511] [INFO] ACCEPT: text/html,application/xhtml+xml,application/xml;q=0.9,image/avif,image/webp,image/apng,*/*;q=0.8,application/signed-exchange;v=b3;q=0.7
[2024-12-15 12:18:38 +0600] [49511] [INFO] SEC-FETCH-SITE: none
[2024-12-15 12:18:38 +0600] [49511] [INFO] SEC-FETCH-MODE: navigate
[2024-12-15 12:18:38 +0600] [49511] [INFO] SEC-FETCH-USER: ?1
[2024-12-15 12:18:38 +0600] [49511] [INFO] SEC-FETCH-DEST: document
[2024-12-15 12:18:38 +0600] [49511] [INFO] ACCEPT-ENCODING: gzip, deflate, br, zstd
[2024-12-15 12:18:38 +0600] [49511] [INFO] ACCEPT-LANGUAGE: ru-RU,ru;q=0.9,en-US;q=0.8,en;q=0.7
[2024-12-15 12:19:03 +0600] [49712] [INFO] GET: /
[2024-12-15 12:19:03 +0600] [49712] [INFO] HOST: 127.0.0.1:8000
[2024-12-15 12:19:03 +0600] [49712] [INFO] CONNECTION: keep-alive
[2024-12-15 12:19:03 +0600] [49712] [INFO] CACHE-CONTROL: max-age=0
[2024-12-15 12:19:03 +0600] [49712] [INFO] SEC-CH-UA: "Google Chrome";v="131", "Chromium";v="131", "Not_A Brand";v="24"
[2024-12-15 12:19:03 +0600] [49712] [INFO] SEC-CH-UA-MOBILE: ?0
[2024-12-15 12:19:03 +0600] [49712] [INFO] SEC-CH-UA-PLATFORM: "Linux"
[2024-12-15 12:19:03 +0600] [49712] [INFO] UPGRADE-INSECURE-REQUESTS: 1
[2024-12-15 12:19:03 +0600] [49712] [INFO] USER-AGENT: Mozilla/5.0 (X11; Linux x86_64) AppleWebKit/537.36 (KHTML, like Gecko) Chrome/131.0.0.0 Safari/537.36
[2024-12-15 12:19:03 +0600] [49712] [INFO] ACCEPT: text/html,application/xhtml+xml,application/xml;q=0.9,image/avif,image/webp,image/apng,*/*;q=0.8,application/signed-exchange;v=b3;q=0.7
[2024-12-15 12:19:03 +0600] [49712] [INFO] SEC-FETCH-SITE: none
[2024-12-15 12:19:03 +0600] [49712] [INFO] SEC-FETCH-MODE: navigate
[2024-12-15 12:19:03 +0600] [49712] [INFO] SEC-FETCH-USER: ?1
[2024-12-15 12:19:03 +0600] [49712] [INFO] SEC-FETCH-DEST: document
[2024-12-15 12:19:03 +0600] [49712] [INFO] ACCEPT-ENCODING: gzip, deflate, br, zstd
[2024-12-15 12:19:03 +0600] [49712] [INFO] ACCEPT-LANGUAGE: ru-RU,ru;q=0.9,en-US;q=0.8,en;q=0.7
[2024-12-15 12:19:04 +0600] [49712] [INFO] GET: /
[2024-12-15 12:19:04 +0600] [49712] [INFO] HOST: 127.0.0.1:8000
[2024-12-15 12:19:04 +0600] [49712] [INFO] CONNECTION: keep-alive
[2024-12-15 12:19:04 +0600] [49712] [INFO] CACHE-CONTROL: max-age=0
[2024-12-15 12:19:04 +0600] [49712] [INFO] SEC-CH-UA: "Google Chrome";v="131", "Chromium";v="131", "Not_A Brand";v="24"
[2024-12-15 12:19:04 +0600] [49712] [INFO] SEC-CH-UA-MOBILE: ?0
[2024-12-15 12:19:04 +0600] [49712] [INFO] SEC-CH-UA-PLATFORM: "Linux"
[2024-12-15 12:19:04 +0600] [49712] [INFO] UPGRADE-INSECURE-REQUESTS: 1
[2024-12-15 12:19:04 +0600] [49712] [INFO] USER-AGENT: Mozilla/5.0 (X11; Linux x86_64) AppleWebKit/537.36 (KHTML, like Gecko) Chrome/131.0.0.0 Safari/537.36
[2024-12-15 12:19:04 +0600] [49712] [INFO] ACCEPT: text/html,application/xhtml+xml,application/xml;q=0.9,image/avif,image/webp,image/apng,*/*;q=0.8,application/signed-exchange;v=b3;q=0.7
[2024-12-15 12:19:04 +0600] [49712] [INFO] SEC-FETCH-SITE: none
[2024-12-15 12:19:04 +0600] [49712] [INFO] SEC-FETCH-MODE: navigate
[2024-12-15 12:19:04 +0600] [49712] [INFO] SEC-FETCH-USER: ?1
[2024-12-15 12:19:04 +0600] [49712] [INFO] SEC-FETCH-DEST: document
[2024-12-15 12:19:04 +0600] [49712] [INFO] ACCEPT-ENCODING: gzip, deflate, br, zstd
[2024-12-15 12:19:04 +0600] [49712] [INFO] ACCEPT-LANGUAGE: ru-RU,ru;q=0.9,en-US;q=0.8,en;q=0.7
[2024-12-15 12:19:04 +0600] [49712] [INFO] GET: /
[2024-12-15 12:19:04 +0600] [49712] [INFO] HOST: 127.0.0.1:8000
[2024-12-15 12:19:04 +0600] [49712] [INFO] CONNECTION: keep-alive
[2024-12-15 12:19:04 +0600] [49712] [INFO] CACHE-CONTROL: max-age=0
[2024-12-15 12:19:04 +0600] [49712] [INFO] SEC-CH-UA: "Google Chrome";v="131", "Chromium";v="131", "Not_A Brand";v="24"
[2024-12-15 12:19:04 +0600] [49712] [INFO] SEC-CH-UA-MOBILE: ?0
[2024-12-15 12:19:04 +0600] [49712] [INFO] SEC-CH-UA-PLATFORM: "Linux"
[2024-12-15 12:19:04 +0600] [49712] [INFO] UPGRADE-INSECURE-REQUESTS: 1
[2024-12-15 12:19:04 +0600] [49712] [INFO] USER-AGENT: Mozilla/5.0 (X11; Linux x86_64) AppleWebKit/537.36 (KHTML, like Gecko) Chrome/131.0.0.0 Safari/537.36
[2024-12-15 12:19:04 +0600] [49712] [INFO] ACCEPT: text/html,application/xhtml+xml,application/xml;q=0.9,image/avif,image/webp,image/apng,*/*;q=0.8,application/signed-exchange;v=b3;q=0.7
[2024-12-15 12:19:04 +0600] [49712] [INFO] SEC-FETCH-SITE: none
[2024-12-15 12:19:04 +0600] [49712] [INFO] SEC-FETCH-MODE: navigate
[2024-12-15 12:19:04 +0600] [49712] [INFO] SEC-FETCH-USER: ?1
[2024-12-15 12:19:04 +0600] [49712] [INFO] SEC-FETCH-DEST: document
[2024-12-15 12:19:04 +0600] [49712] [INFO] ACCEPT-ENCODING: gzip, deflate, br, zstd
[2024-12-15 12:19:04 +0600] [49712] [INFO] ACCEPT-LANGUAGE: ru-RU,ru;q=0.9,en-US;q=0.8,en;q=0.7
[2024-12-15 12:19:17 +0600] [49841] [INFO] GET: /
[2024-12-15 12:19:17 +0600] [49841] [INFO] HOST: 127.0.0.1:8000
[2024-12-15 12:19:17 +0600] [49841] [INFO] CONNECTION: keep-alive
[2024-12-15 12:19:17 +0600] [49841] [INFO] CACHE-CONTROL: max-age=0
[2024-12-15 12:19:17 +0600] [49841] [INFO] SEC-CH-UA: "Google Chrome";v="131", "Chromium";v="131", "Not_A Brand";v="24"
[2024-12-15 12:19:17 +0600] [49841] [INFO] SEC-CH-UA-MOBILE: ?0
[2024-12-15 12:19:17 +0600] [49841] [INFO] SEC-CH-UA-PLATFORM: "Linux"
[2024-12-15 12:19:17 +0600] [49841] [INFO] UPGRADE-INSECURE-REQUESTS: 1
[2024-12-15 12:19:17 +0600] [49841] [INFO] USER-AGENT: Mozilla/5.0 (X11; Linux x86_64) AppleWebKit/537.36 (KHTML, like Gecko) Chrome/131.0.0.0 Safari/537.36
[2024-12-15 12:19:17 +0600] [49841] [INFO] ACCEPT: text/html,application/xhtml+xml,application/xml;q=0.9,image/avif,image/webp,image/apng,*/*;q=0.8,application/signed-exchange;v=b3;q=0.7
[2024-12-15 12:19:17 +0600] [49841] [INFO] SEC-FETCH-SITE: none
[2024-12-15 12:19:17 +0600] [49841] [INFO] SEC-FETCH-MODE: navigate
[2024-12-15 12:19:17 +0600] [49841] [INFO] SEC-FETCH-USER: ?1
[2024-12-15 12:19:17 +0600] [49841] [INFO] SEC-FETCH-DEST: document
[2024-12-15 12:19:17 +0600] [49841] [INFO] ACCEPT-ENCODING: gzip, deflate, br, zstd
[2024-12-15 12:19:17 +0600] [49841] [INFO] ACCEPT-LANGUAGE: ru-RU,ru;q=0.9,en-US;q=0.8,en;q=0.7
[2024-12-15 12:19:17 +0600] [49841] [INFO] GET: /
[2024-12-15 12:19:17 +0600] [49841] [INFO] HOST: 127.0.0.1:8000
[2024-12-15 12:19:17 +0600] [49841] [INFO] CONNECTION: keep-alive
[2024-12-15 12:19:17 +0600] [49841] [INFO] CACHE-CONTROL: max-age=0
[2024-12-15 12:19:17 +0600] [49841] [INFO] SEC-CH-UA: "Google Chrome";v="131", "Chromium";v="131", "Not_A Brand";v="24"
[2024-12-15 12:19:17 +0600] [49841] [INFO] SEC-CH-UA-MOBILE: ?0
[2024-12-15 12:19:17 +0600] [49841] [INFO] SEC-CH-UA-PLATFORM: "Linux"
[2024-12-15 12:19:17 +0600] [49841] [INFO] UPGRADE-INSECURE-REQUESTS: 1
[2024-12-15 12:19:17 +0600] [49841] [INFO] USER-AGENT: Mozilla/5.0 (X11; Linux x86_64) AppleWebKit/537.36 (KHTML, like Gecko) Chrome/131.0.0.0 Safari/537.36
[2024-12-15 12:19:17 +0600] [49841] [INFO] ACCEPT: text/html,application/xhtml+xml,application/xml;q=0.9,image/avif,image/webp,image/apng,*/*;q=0.8,application/signed-exchange;v=b3;q=0.7
[2024-12-15 12:19:17 +0600] [49841] [INFO] SEC-FETCH-SITE: none
[2024-12-15 12:19:17 +0600] [49841] [INFO] SEC-FETCH-MODE: navigate
[2024-12-15 12:19:17 +0600] [49841] [INFO] SEC-FETCH-USER: ?1
[2024-12-15 12:19:17 +0600] [49841] [INFO] SEC-FETCH-DEST: document
[2024-12-15 12:19:17 +0600] [49841] [INFO] ACCEPT-ENCODING: gzip, deflate, br, zstd
[2024-12-15 12:19:17 +0600] [49841] [INFO] ACCEPT-LANGUAGE: ru-RU,ru;q=0.9,en-US;q=0.8,en;q=0.7
[2024-12-15 12:19:30 +0600] [49958] [INFO] GET: /
[2024-12-15 12:19:30 +0600] [49958] [INFO] HOST: 127.0.0.1:8000
[2024-12-15 12:19:30 +0600] [49958] [INFO] CONNECTION: keep-alive
[2024-12-15 12:19:30 +0600] [49958] [INFO] CACHE-CONTROL: max-age=0
[2024-12-15 12:19:30 +0600] [49958] [INFO] SEC-CH-UA: "Google Chrome";v="131", "Chromium";v="131", "Not_A Brand";v="24"
[2024-12-15 12:19:30 +0600] [49958] [INFO] SEC-CH-UA-MOBILE: ?0
[2024-12-15 12:19:30 +0600] [49958] [INFO] SEC-CH-UA-PLATFORM: "Linux"
[2024-12-15 12:19:30 +0600] [49958] [INFO] UPGRADE-INSECURE-REQUESTS: 1
[2024-12-15 12:19:30 +0600] [49958] [INFO] USER-AGENT: Mozilla/5.0 (X11; Linux x86_64) AppleWebKit/537.36 (KHTML, like Gecko) Chrome/131.0.0.0 Safari/537.36
[2024-12-15 12:19:30 +0600] [49958] [INFO] ACCEPT: text/html,application/xhtml+xml,application/xml;q=0.9,image/avif,image/webp,image/apng,*/*;q=0.8,application/signed-exchange;v=b3;q=0.7
[2024-12-15 12:19:30 +0600] [49958] [INFO] SEC-FETCH-SITE: none
[2024-12-15 12:19:30 +0600] [49958] [INFO] SEC-FETCH-MODE: navigate
[2024-12-15 12:19:30 +0600] [49958] [INFO] SEC-FETCH-USER: ?1
[2024-12-15 12:19:30 +0600] [49958] [INFO] SEC-FETCH-DEST: document
[2024-12-15 12:19:30 +0600] [49958] [INFO] ACCEPT-ENCODING: gzip, deflate, br, zstd
[2024-12-15 12:19:30 +0600] [49958] [INFO] ACCEPT-LANGUAGE: ru-RU,ru;q=0.9,en-US;q=0.8,en;q=0.7
[2024-12-15 12:19:30 +0600] [49958] [INFO] GET: /
[2024-12-15 12:19:30 +0600] [49958] [INFO] HOST: 127.0.0.1:8000
[2024-12-15 12:19:30 +0600] [49958] [INFO] CONNECTION: keep-alive
[2024-12-15 12:19:30 +0600] [49958] [INFO] CACHE-CONTROL: max-age=0
[2024-12-15 12:19:30 +0600] [49958] [INFO] SEC-CH-UA: "Google Chrome";v="131", "Chromium";v="131", "Not_A Brand";v="24"
[2024-12-15 12:19:30 +0600] [49958] [INFO] SEC-CH-UA-MOBILE: ?0
[2024-12-15 12:19:30 +0600] [49958] [INFO] SEC-CH-UA-PLATFORM: "Linux"
[2024-12-15 12:19:30 +0600] [49958] [INFO] UPGRADE-INSECURE-REQUESTS: 1
[2024-12-15 12:19:30 +0600] [49958] [INFO] USER-AGENT: Mozilla/5.0 (X11; Linux x86_64) AppleWebKit/537.36 (KHTML, like Gecko) Chrome/131.0.0.0 Safari/537.36
[2024-12-15 12:19:30 +0600] [49958] [INFO] ACCEPT: text/html,application/xhtml+xml,application/xml;q=0.9,image/avif,image/webp,image/apng,*/*;q=0.8,application/signed-exchange;v=b3;q=0.7
[2024-12-15 12:19:30 +0600] [49958] [INFO] SEC-FETCH-SITE: none
[2024-12-15 12:19:30 +0600] [49958] [INFO] SEC-FETCH-MODE: navigate
[2024-12-15 12:19:30 +0600] [49958] [INFO] SEC-FETCH-USER: ?1
[2024-12-15 12:19:30 +0600] [49958] [INFO] SEC-FETCH-DEST: document
[2024-12-15 12:19:30 +0600] [49958] [INFO] ACCEPT-ENCODING: gzip, deflate, br, zstd
[2024-12-15 12:19:30 +0600] [49958] [INFO] ACCEPT-LANGUAGE: ru-RU,ru;q=0.9,en-US;q=0.8,en;q=0.7
[2024-12-15 12:19:31 +0600] [49958] [INFO] GET: /
[2024-12-15 12:19:31 +0600] [49958] [INFO] HOST: 127.0.0.1:8000
[2024-12-15 12:19:31 +0600] [49958] [INFO] CONNECTION: keep-alive
[2024-12-15 12:19:31 +0600] [49958] [INFO] CACHE-CONTROL: max-age=0
[2024-12-15 12:19:31 +0600] [49958] [INFO] SEC-CH-UA: "Google Chrome";v="131", "Chromium";v="131", "Not_A Brand";v="24"
[2024-12-15 12:19:31 +0600] [49958] [INFO] SEC-CH-UA-MOBILE: ?0
[2024-12-15 12:19:31 +0600] [49958] [INFO] SEC-CH-UA-PLATFORM: "Linux"
[2024-12-15 12:19:31 +0600] [49958] [INFO] UPGRADE-INSECURE-REQUESTS: 1
[2024-12-15 12:19:31 +0600] [49958] [INFO] USER-AGENT: Mozilla/5.0 (X11; Linux x86_64) AppleWebKit/537.36 (KHTML, like Gecko) Chrome/131.0.0.0 Safari/537.36
[2024-12-15 12:19:31 +0600] [49958] [INFO] ACCEPT: text/html,application/xhtml+xml,application/xml;q=0.9,image/avif,image/webp,image/apng,*/*;q=0.8,application/signed-exchange;v=b3;q=0.7
[2024-12-15 12:19:31 +0600] [49958] [INFO] SEC-FETCH-SITE: none
[2024-12-15 12:19:31 +0600] [49958] [INFO] SEC-FETCH-MODE: navigate
[2024-12-15 12:19:31 +0600] [49958] [INFO] SEC-FETCH-USER: ?1
[2024-12-15 12:19:31 +0600] [49958] [INFO] SEC-FETCH-DEST: document
[2024-12-15 12:19:31 +0600] [49958] [INFO] ACCEPT-ENCODING: gzip, deflate, br, zstd
[2024-12-15 12:19:31 +0600] [49958] [INFO] ACCEPT-LANGUAGE: ru-RU,ru;q=0.9,en-US;q=0.8,en;q=0.7
[2024-12-15 12:21:30 +0600] [50069] [INFO] GET: /
[2024-12-15 12:21:30 +0600] [50069] [INFO] HOST: 127.0.0.1:8000
[2024-12-15 12:21:30 +0600] [50069] [INFO] CONNECTION: keep-alive
[2024-12-15 12:21:30 +0600] [50069] [INFO] CACHE-CONTROL: max-age=0
[2024-12-15 12:21:30 +0600] [50069] [INFO] SEC-CH-UA: "Google Chrome";v="131", "Chromium";v="131", "Not_A Brand";v="24"
[2024-12-15 12:21:30 +0600] [50069] [INFO] SEC-CH-UA-MOBILE: ?0
[2024-12-15 12:21:30 +0600] [50069] [INFO] SEC-CH-UA-PLATFORM: "Linux"
[2024-12-15 12:21:30 +0600] [50069] [INFO] UPGRADE-INSECURE-REQUESTS: 1
[2024-12-15 12:21:30 +0600] [50069] [INFO] USER-AGENT: Mozilla/5.0 (X11; Linux x86_64) AppleWebKit/537.36 (KHTML, like Gecko) Chrome/131.0.0.0 Safari/537.36
[2024-12-15 12:21:30 +0600] [50069] [INFO] ACCEPT: text/html,application/xhtml+xml,application/xml;q=0.9,image/avif,image/webp,image/apng,*/*;q=0.8,application/signed-exchange;v=b3;q=0.7
[2024-12-15 12:21:30 +0600] [50069] [INFO] SEC-FETCH-SITE: none
[2024-12-15 12:21:30 +0600] [50069] [INFO] SEC-FETCH-MODE: navigate
[2024-12-15 12:21:30 +0600] [50069] [INFO] SEC-FETCH-USER: ?1
[2024-12-15 12:21:30 +0600] [50069] [INFO] SEC-FETCH-DEST: document
[2024-12-15 12:21:30 +0600] [50069] [INFO] ACCEPT-ENCODING: gzip, deflate, br, zstd
[2024-12-15 12:21:30 +0600] [50069] [INFO] ACCEPT-LANGUAGE: ru-RU,ru;q=0.9,en-US;q=0.8,en;q=0.7
[2024-12-15 12:21:30 +0600] [50069] [INFO] GET: /
[2024-12-15 12:21:30 +0600] [50069] [INFO] HOST: 127.0.0.1:8000
[2024-12-15 12:21:30 +0600] [50069] [INFO] CONNECTION: keep-alive
[2024-12-15 12:21:30 +0600] [50069] [INFO] CACHE-CONTROL: max-age=0
[2024-12-15 12:21:30 +0600] [50069] [INFO] SEC-CH-UA: "Google Chrome";v="131", "Chromium";v="131", "Not_A Brand";v="24"
[2024-12-15 12:21:30 +0600] [50069] [INFO] SEC-CH-UA-MOBILE: ?0
[2024-12-15 12:21:30 +0600] [50069] [INFO] SEC-CH-UA-PLATFORM: "Linux"
[2024-12-15 12:21:30 +0600] [50069] [INFO] UPGRADE-INSECURE-REQUESTS: 1
[2024-12-15 12:21:30 +0600] [50069] [INFO] USER-AGENT: Mozilla/5.0 (X11; Linux x86_64) AppleWebKit/537.36 (KHTML, like Gecko) Chrome/131.0.0.0 Safari/537.36
[2024-12-15 12:21:30 +0600] [50069] [INFO] ACCEPT: text/html,application/xhtml+xml,application/xml;q=0.9,image/avif,image/webp,image/apng,*/*;q=0.8,application/signed-exchange;v=b3;q=0.7
[2024-12-15 12:21:30 +0600] [50069] [INFO] SEC-FETCH-SITE: none
[2024-12-15 12:21:30 +0600] [50069] [INFO] SEC-FETCH-MODE: navigate
[2024-12-15 12:21:30 +0600] [50069] [INFO] SEC-FETCH-USER: ?1
[2024-12-15 12:21:30 +0600] [50069] [INFO] SEC-FETCH-DEST: document
[2024-12-15 12:21:30 +0600] [50069] [INFO] ACCEPT-ENCODING: gzip, deflate, br, zstd
[2024-12-15 12:21:30 +0600] [50069] [INFO] ACCEPT-LANGUAGE: ru-RU,ru;q=0.9,en-US;q=0.8,en;q=0.7
[2024-12-15 12:21:31 +0600] [50069] [INFO] GET: /
[2024-12-15 12:21:31 +0600] [50069] [INFO] HOST: 127.0.0.1:8000
[2024-12-15 12:21:31 +0600] [50069] [INFO] CONNECTION: keep-alive
[2024-12-15 12:21:31 +0600] [50069] [INFO] CACHE-CONTROL: max-age=0
[2024-12-15 12:21:31 +0600] [50069] [INFO] SEC-CH-UA: "Google Chrome";v="131", "Chromium";v="131", "Not_A Brand";v="24"
[2024-12-15 12:21:31 +0600] [50069] [INFO] SEC-CH-UA-MOBILE: ?0
[2024-12-15 12:21:31 +0600] [50069] [INFO] SEC-CH-UA-PLATFORM: "Linux"
[2024-12-15 12:21:31 +0600] [50069] [INFO] UPGRADE-INSECURE-REQUESTS: 1
[2024-12-15 12:21:31 +0600] [50069] [INFO] USER-AGENT: Mozilla/5.0 (X11; Linux x86_64) AppleWebKit/537.36 (KHTML, like Gecko) Chrome/131.0.0.0 Safari/537.36
[2024-12-15 12:21:31 +0600] [50069] [INFO] ACCEPT: text/html,application/xhtml+xml,application/xml;q=0.9,image/avif,image/webp,image/apng,*/*;q=0.8,application/signed-exchange;v=b3;q=0.7
[2024-12-15 12:21:31 +0600] [50069] [INFO] SEC-FETCH-SITE: none
[2024-12-15 12:21:31 +0600] [50069] [INFO] SEC-FETCH-MODE: navigate
[2024-12-15 12:21:31 +0600] [50069] [INFO] SEC-FETCH-USER: ?1
[2024-12-15 12:21:31 +0600] [50069] [INFO] SEC-FETCH-DEST: document
[2024-12-15 12:21:31 +0600] [50069] [INFO] ACCEPT-ENCODING: gzip, deflate, br, zstd
[2024-12-15 12:21:31 +0600] [50069] [INFO] ACCEPT-LANGUAGE: ru-RU,ru;q=0.9,en-US;q=0.8,en;q=0.7
[2024-12-15 12:21:31 +0600] [50069] [INFO] GET: /
[2024-12-15 12:21:31 +0600] [50069] [INFO] HOST: 127.0.0.1:8000
[2024-12-15 12:21:31 +0600] [50069] [INFO] CONNECTION: keep-alive
[2024-12-15 12:21:31 +0600] [50069] [INFO] CACHE-CONTROL: max-age=0
[2024-12-15 12:21:31 +0600] [50069] [INFO] SEC-CH-UA: "Google Chrome";v="131", "Chromium";v="131", "Not_A Brand";v="24"
[2024-12-15 12:21:31 +0600] [50069] [INFO] SEC-CH-UA-MOBILE: ?0
[2024-12-15 12:21:31 +0600] [50069] [INFO] SEC-CH-UA-PLATFORM: "Linux"
[2024-12-15 12:21:31 +0600] [50069] [INFO] UPGRADE-INSECURE-REQUESTS: 1
[2024-12-15 12:21:31 +0600] [50069] [INFO] USER-AGENT: Mozilla/5.0 (X11; Linux x86_64) AppleWebKit/537.36 (KHTML, like Gecko) Chrome/131.0.0.0 Safari/537.36
[2024-12-15 12:21:31 +0600] [50069] [INFO] ACCEPT: text/html,application/xhtml+xml,application/xml;q=0.9,image/avif,image/webp,image/apng,*/*;q=0.8,application/signed-exchange;v=b3;q=0.7
[2024-12-15 12:21:31 +0600] [50069] [INFO] SEC-FETCH-SITE: none
[2024-12-15 12:21:31 +0600] [50069] [INFO] SEC-FETCH-MODE: navigate
[2024-12-15 12:21:31 +0600] [50069] [INFO] SEC-FETCH-USER: ?1
[2024-12-15 12:21:31 +0600] [50069] [INFO] SEC-FETCH-DEST: document
[2024-12-15 12:21:31 +0600] [50069] [INFO] ACCEPT-ENCODING: gzip, deflate, br, zstd
[2024-12-15 12:21:31 +0600] [50069] [INFO] ACCEPT-LANGUAGE: ru-RU,ru;q=0.9,en-US;q=0.8,en;q=0.7
[2024-12-15 12:21:31 +0600] [50069] [INFO] GET: /
[2024-12-15 12:21:31 +0600] [50069] [INFO] HOST: 127.0.0.1:8000
[2024-12-15 12:21:31 +0600] [50069] [INFO] CONNECTION: keep-alive
[2024-12-15 12:21:31 +0600] [50069] [INFO] CACHE-CONTROL: max-age=0
[2024-12-15 12:21:31 +0600] [50069] [INFO] SEC-CH-UA: "Google Chrome";v="131", "Chromium";v="131", "Not_A Brand";v="24"
[2024-12-15 12:21:31 +0600] [50069] [INFO] SEC-CH-UA-MOBILE: ?0
[2024-12-15 12:21:31 +0600] [50069] [INFO] SEC-CH-UA-PLATFORM: "Linux"
[2024-12-15 12:21:31 +0600] [50069] [INFO] UPGRADE-INSECURE-REQUESTS: 1
[2024-12-15 12:21:31 +0600] [50069] [INFO] USER-AGENT: Mozilla/5.0 (X11; Linux x86_64) AppleWebKit/537.36 (KHTML, like Gecko) Chrome/131.0.0.0 Safari/537.36
[2024-12-15 12:21:31 +0600] [50069] [INFO] ACCEPT: text/html,application/xhtml+xml,application/xml;q=0.9,image/avif,image/webp,image/apng,*/*;q=0.8,application/signed-exchange;v=b3;q=0.7
[2024-12-15 12:21:31 +0600] [50069] [INFO] SEC-FETCH-SITE: none
[2024-12-15 12:21:31 +0600] [50069] [INFO] SEC-FETCH-MODE: navigate
[2024-12-15 12:21:31 +0600] [50069] [INFO] SEC-FETCH-USER: ?1
[2024-12-15 12:21:31 +0600] [50069] [INFO] SEC-FETCH-DEST: document
[2024-12-15 12:21:31 +0600] [50069] [INFO] ACCEPT-ENCODING: gzip, deflate, br, zstd
[2024-12-15 12:21:31 +0600] [50069] [INFO] ACCEPT-LANGUAGE: ru-RU,ru;q=0.9,en-US;q=0.8,en;q=0.7
[2024-12-15 12:21:31 +0600] [50069] [INFO] GET: /
[2024-12-15 12:21:31 +0600] [50069] [INFO] HOST: 127.0.0.1:8000
[2024-12-15 12:21:31 +0600] [50069] [INFO] CONNECTION: keep-alive
[2024-12-15 12:21:31 +0600] [50069] [INFO] CACHE-CONTROL: max-age=0
[2024-12-15 12:21:31 +0600] [50069] [INFO] SEC-CH-UA: "Google Chrome";v="131", "Chromium";v="131", "Not_A Brand";v="24"
[2024-12-15 12:21:31 +0600] [50069] [INFO] SEC-CH-UA-MOBILE: ?0
[2024-12-15 12:21:31 +0600] [50069] [INFO] SEC-CH-UA-PLATFORM: "Linux"
[2024-12-15 12:21:31 +0600] [50069] [INFO] UPGRADE-INSECURE-REQUESTS: 1
[2024-12-15 12:21:31 +0600] [50069] [INFO] USER-AGENT: Mozilla/5.0 (X11; Linux x86_64) AppleWebKit/537.36 (KHTML, like Gecko) Chrome/131.0.0.0 Safari/537.36
[2024-12-15 12:21:31 +0600] [50069] [INFO] ACCEPT: text/html,application/xhtml+xml,application/xml;q=0.9,image/avif,image/webp,image/apng,*/*;q=0.8,application/signed-exchange;v=b3;q=0.7
[2024-12-15 12:21:31 +0600] [50069] [INFO] SEC-FETCH-SITE: none
[2024-12-15 12:21:31 +0600] [50069] [INFO] SEC-FETCH-MODE: navigate
[2024-12-15 12:21:31 +0600] [50069] [INFO] SEC-FETCH-USER: ?1
[2024-12-15 12:21:31 +0600] [50069] [INFO] SEC-FETCH-DEST: document
[2024-12-15 12:21:31 +0600] [50069] [INFO] ACCEPT-ENCODING: gzip, deflate, br, zstd
[2024-12-15 12:21:31 +0600] [50069] [INFO] ACCEPT-LANGUAGE: ru-RU,ru;q=0.9,en-US;q=0.8,en;q=0.7
[2024-12-15 12:21:31 +0600] [50069] [INFO] GET: /
[2024-12-15 12:21:31 +0600] [50069] [INFO] HOST: 127.0.0.1:8000
[2024-12-15 12:21:31 +0600] [50069] [INFO] CONNECTION: keep-alive
[2024-12-15 12:21:31 +0600] [50069] [INFO] CACHE-CONTROL: max-age=0
[2024-12-15 12:21:31 +0600] [50069] [INFO] SEC-CH-UA: "Google Chrome";v="131", "Chromium";v="131", "Not_A Brand";v="24"
[2024-12-15 12:21:31 +0600] [50069] [INFO] SEC-CH-UA-MOBILE: ?0
[2024-12-15 12:21:31 +0600] [50069] [INFO] SEC-CH-UA-PLATFORM: "Linux"
[2024-12-15 12:21:31 +0600] [50069] [INFO] UPGRADE-INSECURE-REQUESTS: 1
[2024-12-15 12:21:31 +0600] [50069] [INFO] USER-AGENT: Mozilla/5.0 (X11; Linux x86_64) AppleWebKit/537.36 (KHTML, like Gecko) Chrome/131.0.0.0 Safari/537.36
[2024-12-15 12:21:31 +0600] [50069] [INFO] ACCEPT: text/html,application/xhtml+xml,application/xml;q=0.9,image/avif,image/webp,image/apng,*/*;q=0.8,application/signed-exchange;v=b3;q=0.7
[2024-12-15 12:21:31 +0600] [50069] [INFO] SEC-FETCH-SITE: none
[2024-12-15 12:21:31 +0600] [50069] [INFO] SEC-FETCH-MODE: navigate
[2024-12-15 12:21:31 +0600] [50069] [INFO] SEC-FETCH-USER: ?1
[2024-12-15 12:21:31 +0600] [50069] [INFO] SEC-FETCH-DEST: document
[2024-12-15 12:21:31 +0600] [50069] [INFO] ACCEPT-ENCODING: gzip, deflate, br, zstd
[2024-12-15 12:21:31 +0600] [50069] [INFO] ACCEPT-LANGUAGE: ru-RU,ru;q=0.9,en-US;q=0.8,en;q=0.7
[2024-12-15 12:22:15 +0600] [51905] [INFO] GET: /
[2024-12-15 12:22:15 +0600] [51905] [INFO] HOST: 127.0.0.1:8000
[2024-12-15 12:22:15 +0600] [51905] [INFO] CONNECTION: keep-alive
[2024-12-15 12:22:15 +0600] [51905] [INFO] CACHE-CONTROL: max-age=0
[2024-12-15 12:22:15 +0600] [51905] [INFO] SEC-CH-UA: "Google Chrome";v="131", "Chromium";v="131", "Not_A Brand";v="24"
[2024-12-15 12:22:15 +0600] [51905] [INFO] SEC-CH-UA-MOBILE: ?0
[2024-12-15 12:22:15 +0600] [51905] [INFO] SEC-CH-UA-PLATFORM: "Linux"
[2024-12-15 12:22:15 +0600] [51905] [INFO] UPGRADE-INSECURE-REQUESTS: 1
[2024-12-15 12:22:15 +0600] [51905] [INFO] USER-AGENT: Mozilla/5.0 (X11; Linux x86_64) AppleWebKit/537.36 (KHTML, like Gecko) Chrome/131.0.0.0 Safari/537.36
[2024-12-15 12:22:15 +0600] [51905] [INFO] ACCEPT: text/html,application/xhtml+xml,application/xml;q=0.9,image/avif,image/webp,image/apng,*/*;q=0.8,application/signed-exchange;v=b3;q=0.7
[2024-12-15 12:22:15 +0600] [51905] [INFO] SEC-FETCH-SITE: none
[2024-12-15 12:22:15 +0600] [51905] [INFO] SEC-FETCH-MODE: navigate
[2024-12-15 12:22:15 +0600] [51905] [INFO] SEC-FETCH-USER: ?1
[2024-12-15 12:22:15 +0600] [51905] [INFO] SEC-FETCH-DEST: document
[2024-12-15 12:22:15 +0600] [51905] [INFO] ACCEPT-ENCODING: gzip, deflate, br, zstd
[2024-12-15 12:22:15 +0600] [51905] [INFO] ACCEPT-LANGUAGE: ru-RU,ru;q=0.9,en-US;q=0.8,en;q=0.7
[2024-12-15 12:22:15 +0600] [51905] [INFO] GET: /
[2024-12-15 12:22:15 +0600] [51905] [INFO] HOST: 127.0.0.1:8000
[2024-12-15 12:22:15 +0600] [51905] [INFO] CONNECTION: keep-alive
[2024-12-15 12:22:15 +0600] [51905] [INFO] CACHE-CONTROL: max-age=0
[2024-12-15 12:22:15 +0600] [51905] [INFO] SEC-CH-UA: "Google Chrome";v="131", "Chromium";v="131", "Not_A Brand";v="24"
[2024-12-15 12:22:15 +0600] [51905] [INFO] SEC-CH-UA-MOBILE: ?0
[2024-12-15 12:22:15 +0600] [51905] [INFO] SEC-CH-UA-PLATFORM: "Linux"
[2024-12-15 12:22:15 +0600] [51905] [INFO] UPGRADE-INSECURE-REQUESTS: 1
[2024-12-15 12:22:15 +0600] [51905] [INFO] USER-AGENT: Mozilla/5.0 (X11; Linux x86_64) AppleWebKit/537.36 (KHTML, like Gecko) Chrome/131.0.0.0 Safari/537.36
[2024-12-15 12:22:15 +0600] [51905] [INFO] ACCEPT: text/html,application/xhtml+xml,application/xml;q=0.9,image/avif,image/webp,image/apng,*/*;q=0.8,application/signed-exchange;v=b3;q=0.7
[2024-12-15 12:22:15 +0600] [51905] [INFO] SEC-FETCH-SITE: none
[2024-12-15 12:22:15 +0600] [51905] [INFO] SEC-FETCH-MODE: navigate
[2024-12-15 12:22:15 +0600] [51905] [INFO] SEC-FETCH-USER: ?1
[2024-12-15 12:22:15 +0600] [51905] [INFO] SEC-FETCH-DEST: document
[2024-12-15 12:22:15 +0600] [51905] [INFO] ACCEPT-ENCODING: gzip, deflate, br, zstd
[2024-12-15 12:22:15 +0600] [51905] [INFO] ACCEPT-LANGUAGE: ru-RU,ru;q=0.9,en-US;q=0.8,en;q=0.7
[2024-12-15 12:29:15 +0600] [5689] [INFO] GET: /
[2024-12-15 12:29:15 +0600] [5689] [INFO] HOST: localhost:8000
[2024-12-15 12:29:15 +0600] [5689] [INFO] CONNECTION: keep-alive
[2024-12-15 12:29:15 +0600] [5689] [INFO] SEC-CH-UA: "Google Chrome";v="131", "Chromium";v="131", "Not_A Brand";v="24"
[2024-12-15 12:29:15 +0600] [5689] [INFO] SEC-CH-UA-MOBILE: ?0
[2024-12-15 12:29:15 +0600] [5689] [INFO] SEC-CH-UA-PLATFORM: "Linux"
[2024-12-15 12:29:15 +0600] [5689] [INFO] UPGRADE-INSECURE-REQUESTS: 1
[2024-12-15 12:29:15 +0600] [5689] [INFO] USER-AGENT: Mozilla/5.0 (X11; Linux x86_64) AppleWebKit/537.36 (KHTML, like Gecko) Chrome/131.0.0.0 Safari/537.36
[2024-12-15 12:29:15 +0600] [5689] [INFO] ACCEPT: text/html,application/xhtml+xml,application/xml;q=0.9,image/avif,image/webp,image/apng,*/*;q=0.8,application/signed-exchange;v=b3;q=0.7
[2024-12-15 12:29:15 +0600] [5689] [INFO] SEC-FETCH-SITE: none
[2024-12-15 12:29:15 +0600] [5689] [INFO] SEC-FETCH-MODE: navigate
[2024-12-15 12:29:15 +0600] [5689] [INFO] SEC-FETCH-USER: ?1
[2024-12-15 12:29:15 +0600] [5689] [INFO] SEC-FETCH-DEST: document
[2024-12-15 12:29:15 +0600] [5689] [INFO] ACCEPT-ENCODING: gzip, deflate, br, zstd
[2024-12-15 12:29:15 +0600] [5689] [INFO] ACCEPT-LANGUAGE: ru-RU,ru;q=0.9,en-US;q=0.8,en;q=0.7
[2024-12-15 12:29:15 +0600] [5689] [INFO] GET: /favicon.ico
[2024-12-15 12:29:15 +0600] [5689] [INFO] HOST: localhost:8000
[2024-12-15 12:29:15 +0600] [5689] [INFO] CONNECTION: keep-alive
[2024-12-15 12:29:15 +0600] [5689] [INFO] SEC-CH-UA-PLATFORM: "Linux"
[2024-12-15 12:29:15 +0600] [5689] [INFO] USER-AGENT: Mozilla/5.0 (X11; Linux x86_64) AppleWebKit/537.36 (KHTML, like Gecko) Chrome/131.0.0.0 Safari/537.36
[2024-12-15 12:29:15 +0600] [5689] [INFO] SEC-CH-UA: "Google Chrome";v="131", "Chromium";v="131", "Not_A Brand";v="24"
[2024-12-15 12:29:15 +0600] [5689] [INFO] SEC-CH-UA-MOBILE: ?0
[2024-12-15 12:29:15 +0600] [5689] [INFO] ACCEPT: image/avif,image/webp,image/apng,image/svg+xml,image/*,*/*;q=0.8
[2024-12-15 12:29:15 +0600] [5689] [INFO] SEC-FETCH-SITE: same-origin
[2024-12-15 12:29:15 +0600] [5689] [INFO] SEC-FETCH-MODE: no-cors
[2024-12-15 12:29:15 +0600] [5689] [INFO] SEC-FETCH-DEST: image
[2024-12-15 12:29:15 +0600] [5689] [INFO] REFERER: http://localhost:8000/
[2024-12-15 12:29:15 +0600] [5689] [INFO] ACCEPT-ENCODING: gzip, deflate, br, zstd
[2024-12-15 12:29:15 +0600] [5689] [INFO] ACCEPT-LANGUAGE: ru-RU,ru;q=0.9,en-US;q=0.8,en;q=0.7
[2024-12-15 12:29:16 +0600] [5689] [INFO] GET: /
[2024-12-15 12:29:16 +0600] [5689] [INFO] HOST: localhost:8000
[2024-12-15 12:29:16 +0600] [5689] [INFO] CONNECTION: keep-alive
[2024-12-15 12:29:16 +0600] [5689] [INFO] CACHE-CONTROL: max-age=0
[2024-12-15 12:29:16 +0600] [5689] [INFO] SEC-CH-UA: "Google Chrome";v="131", "Chromium";v="131", "Not_A Brand";v="24"
[2024-12-15 12:29:16 +0600] [5689] [INFO] SEC-CH-UA-MOBILE: ?0
[2024-12-15 12:29:16 +0600] [5689] [INFO] SEC-CH-UA-PLATFORM: "Linux"
[2024-12-15 12:29:16 +0600] [5689] [INFO] UPGRADE-INSECURE-REQUESTS: 1
[2024-12-15 12:29:16 +0600] [5689] [INFO] USER-AGENT: Mozilla/5.0 (X11; Linux x86_64) AppleWebKit/537.36 (KHTML, like Gecko) Chrome/131.0.0.0 Safari/537.36
[2024-12-15 12:29:16 +0600] [5689] [INFO] ACCEPT: text/html,application/xhtml+xml,application/xml;q=0.9,image/avif,image/webp,image/apng,*/*;q=0.8,application/signed-exchange;v=b3;q=0.7
[2024-12-15 12:29:16 +0600] [5689] [INFO] SEC-FETCH-SITE: none
[2024-12-15 12:29:16 +0600] [5689] [INFO] SEC-FETCH-MODE: navigate
[2024-12-15 12:29:16 +0600] [5689] [INFO] SEC-FETCH-USER: ?1
[2024-12-15 12:29:16 +0600] [5689] [INFO] SEC-FETCH-DEST: document
[2024-12-15 12:29:16 +0600] [5689] [INFO] ACCEPT-ENCODING: gzip, deflate, br, zstd
[2024-12-15 12:29:16 +0600] [5689] [INFO] ACCEPT-LANGUAGE: ru-RU,ru;q=0.9,en-US;q=0.8,en;q=0.7
[2024-12-15 12:29:16 +0600] [5689] [INFO] GET: /
[2024-12-15 12:29:16 +0600] [5689] [INFO] HOST: localhost:8000
[2024-12-15 12:29:16 +0600] [5689] [INFO] CONNECTION: keep-alive
[2024-12-15 12:29:16 +0600] [5689] [INFO] CACHE-CONTROL: max-age=0
[2024-12-15 12:29:16 +0600] [5689] [INFO] SEC-CH-UA: "Google Chrome";v="131", "Chromium";v="131", "Not_A Brand";v="24"
[2024-12-15 12:29:16 +0600] [5689] [INFO] SEC-CH-UA-MOBILE: ?0
[2024-12-15 12:29:16 +0600] [5689] [INFO] SEC-CH-UA-PLATFORM: "Linux"
[2024-12-15 12:29:16 +0600] [5689] [INFO] UPGRADE-INSECURE-REQUESTS: 1
[2024-12-15 12:29:16 +0600] [5689] [INFO] USER-AGENT: Mozilla/5.0 (X11; Linux x86_64) AppleWebKit/537.36 (KHTML, like Gecko) Chrome/131.0.0.0 Safari/537.36
[2024-12-15 12:29:16 +0600] [5689] [INFO] ACCEPT: text/html,application/xhtml+xml,application/xml;q=0.9,image/avif,image/webp,image/apng,*/*;q=0.8,application/signed-exchange;v=b3;q=0.7
[2024-12-15 12:29:16 +0600] [5689] [INFO] SEC-FETCH-SITE: none
[2024-12-15 12:29:16 +0600] [5689] [INFO] SEC-FETCH-MODE: navigate
[2024-12-15 12:29:16 +0600] [5689] [INFO] SEC-FETCH-USER: ?1
[2024-12-15 12:29:16 +0600] [5689] [INFO] SEC-FETCH-DEST: document
[2024-12-15 12:29:16 +0600] [5689] [INFO] ACCEPT-ENCODING: gzip, deflate, br, zstd
[2024-12-15 12:29:16 +0600] [5689] [INFO] ACCEPT-LANGUAGE: ru-RU,ru;q=0.9,en-US;q=0.8,en;q=0.7
[2024-12-15 12:29:16 +0600] [5689] [INFO] GET: /
[2024-12-15 12:29:16 +0600] [5689] [INFO] HOST: localhost:8000
[2024-12-15 12:29:16 +0600] [5689] [INFO] CONNECTION: keep-alive
[2024-12-15 12:29:16 +0600] [5689] [INFO] CACHE-CONTROL: max-age=0
[2024-12-15 12:29:16 +0600] [5689] [INFO] SEC-CH-UA: "Google Chrome";v="131", "Chromium";v="131", "Not_A Brand";v="24"
[2024-12-15 12:29:16 +0600] [5689] [INFO] SEC-CH-UA-MOBILE: ?0
[2024-12-15 12:29:16 +0600] [5689] [INFO] SEC-CH-UA-PLATFORM: "Linux"
[2024-12-15 12:29:16 +0600] [5689] [INFO] UPGRADE-INSECURE-REQUESTS: 1
[2024-12-15 12:29:16 +0600] [5689] [INFO] USER-AGENT: Mozilla/5.0 (X11; Linux x86_64) AppleWebKit/537.36 (KHTML, like Gecko) Chrome/131.0.0.0 Safari/537.36
[2024-12-15 12:29:16 +0600] [5689] [INFO] ACCEPT: text/html,application/xhtml+xml,application/xml;q=0.9,image/avif,image/webp,image/apng,*/*;q=0.8,application/signed-exchange;v=b3;q=0.7
[2024-12-15 12:29:16 +0600] [5689] [INFO] SEC-FETCH-SITE: none
[2024-12-15 12:29:16 +0600] [5689] [INFO] SEC-FETCH-MODE: navigate
[2024-12-15 12:29:16 +0600] [5689] [INFO] SEC-FETCH-USER: ?1
[2024-12-15 12:29:16 +0600] [5689] [INFO] SEC-FETCH-DEST: document
[2024-12-15 12:29:16 +0600] [5689] [INFO] ACCEPT-ENCODING: gzip, deflate, br, zstd
[2024-12-15 12:29:16 +0600] [5689] [INFO] ACCEPT-LANGUAGE: ru-RU,ru;q=0.9,en-US;q=0.8,en;q=0.7
[2024-12-15 12:29:26 +0600] [6215] [INFO] [31m[1mWARNING: This is a development server. Do not use it in a production deployment. Use a production WSGI server instead.[0m
 * Running on all addresses (0.0.0.0)
 * Running on http://127.0.0.1:8000
 * Running on http://192.168.1.107:8000
[2024-12-15 12:29:26 +0600] [6215] [INFO] [33mPress CTRL+C to quit[0m
[2024-12-15 12:29:30 +0600] [6215] [INFO] 127.0.0.1 - - [15/Dec/2024 12:29:30] "GET / HTTP/1.1" 200 -
[2024-12-15 12:29:31 +0600] [6215] [INFO] 127.0.0.1 - - [15/Dec/2024 12:29:31] "GET / HTTP/1.1" 200 -
[2024-12-15 12:29:31 +0600] [6215] [INFO] 127.0.0.1 - - [15/Dec/2024 12:29:31] "GET / HTTP/1.1" 200 -
[2024-12-15 12:29:31 +0600] [6215] [INFO] 127.0.0.1 - - [15/Dec/2024 12:29:31] "GET / HTTP/1.1" 200 -
[2024-12-15 12:29:32 +0600] [6215] [INFO] 127.0.0.1 - - [15/Dec/2024 12:29:32] "GET / HTTP/1.1" 200 -
[2024-12-15 12:29:36 +0600] [6215] [INFO] 127.0.0.1 - - [15/Dec/2024 12:29:36] "GET / HTTP/1.1" 200 -
[2024-12-15 12:29:39 +0600] [6215] [INFO] 192.168.1.107 - - [15/Dec/2024 12:29:39] "GET / HTTP/1.1" 200 -
[2024-12-15 12:29:39 +0600] [6215] [INFO] 192.168.1.107 - - [15/Dec/2024 12:29:39] "[33mGET /favicon.ico HTTP/1.1[0m" 404 -
[2024-12-15 12:30:06 +0600] [6637] [INFO] [31m[1mWARNING: This is a development server. Do not use it in a production deployment. Use a production WSGI server instead.[0m
 * Running on all addresses (0.0.0.0)
 * Running on http://127.0.0.1:8000
 * Running on http://192.168.1.107:8000
[2024-12-15 12:30:06 +0600] [6637] [INFO] [33mPress CTRL+C to quit[0m
[2024-12-15 12:30:06 +0600] [6637] [INFO] 192.168.1.107 - - [15/Dec/2024 12:30:06] "GET / HTTP/1.1" 200 -
[2024-12-15 12:30:06 +0600] [6637] [INFO] 192.168.1.107 - - [15/Dec/2024 12:30:06] "GET / HTTP/1.1" 200 -
[2024-12-15 12:30:07 +0600] [6637] [INFO] 192.168.1.107 - - [15/Dec/2024 12:30:07] "GET / HTTP/1.1" 200 -
[2024-12-15 12:30:07 +0600] [6637] [INFO] 192.168.1.107 - - [15/Dec/2024 12:30:07] "GET / HTTP/1.1" 200 -
[2024-12-15 12:30:07 +0600] [6637] [INFO] 192.168.1.107 - - [15/Dec/2024 12:30:07] "GET / HTTP/1.1" 200 -
[2024-12-15 12:30:07 +0600] [6637] [INFO] 192.168.1.107 - - [15/Dec/2024 12:30:07] "GET / HTTP/1.1" 200 -
[2024-12-15 12:30:40 +0600] [6891] [INFO] [31m[1mWARNING: This is a development server. Do not use it in a production deployment. Use a production WSGI server instead.[0m
 * Running on all addresses (0.0.0.0)
 * Running on http://127.0.0.1:8000
 * Running on http://192.168.1.107:8000
[2024-12-15 12:30:40 +0600] [6891] [INFO] [33mPress CTRL+C to quit[0m
[2024-12-15 12:30:40 +0600] [6891] [INFO] 192.168.1.107 - - [15/Dec/2024 12:30:40] "GET / HTTP/1.1" 200 -
[2024-12-15 12:30:41 +0600] [6891] [INFO] 192.168.1.107 - - [15/Dec/2024 12:30:41] "GET / HTTP/1.1" 200 -
[2024-12-15 12:31:03 +0600] [7101] [INFO] [31m[1mWARNING: This is a development server. Do not use it in a production deployment. Use a production WSGI server instead.[0m
 * Running on all addresses (0.0.0.0)
 * Running on http://127.0.0.1:8000
 * Running on http://192.168.1.107:8000
[2024-12-15 12:31:03 +0600] [7101] [INFO] [33mPress CTRL+C to quit[0m
[2024-12-15 12:31:05 +0600] [7101] [INFO] 192.168.1.107 - - [15/Dec/2024 12:31:05] "GET / HTTP/1.1" 200 -
[2024-12-15 12:31:05 +0600] [7101] [INFO] 192.168.1.107 - - [15/Dec/2024 12:31:05] "GET / HTTP/1.1" 200 -
[2024-12-15 12:31:05 +0600] [7101] [INFO] 192.168.1.107 - - [15/Dec/2024 12:31:05] "GET / HTTP/1.1" 200 -
[2024-12-15 12:32:15 +0600] [7693] [INFO] [31m[1mWARNING: This is a development server. Do not use it in a production deployment. Use a production WSGI server instead.[0m
 * Running on all addresses (0.0.0.0)
 * Running on http://127.0.0.1:8000
 * Running on http://192.168.1.107:8000
[2024-12-15 12:32:15 +0600] [7693] [INFO] [33mPress CTRL+C to quit[0m
[2024-12-15 12:32:17 +0600] [7693] [INFO] 192.168.1.107 - - [15/Dec/2024 12:32:17] "GET / HTTP/1.1" 200 -
[2024-12-15 12:32:17 +0600] [7693] [INFO] 192.168.1.107 - - [15/Dec/2024 12:32:17] "GET / HTTP/1.1" 200 -
[2024-12-15 12:32:17 +0600] [7693] [INFO] 192.168.1.107 - - [15/Dec/2024 12:32:17] "GET / HTTP/1.1" 200 -
[2024-12-15 12:32:17 +0600] [7693] [INFO] 192.168.1.107 - - [15/Dec/2024 12:32:17] "GET / HTTP/1.1" 200 -
[2024-12-15 12:33:00 +0600] [8044] [INFO] [31m[1mWARNING: This is a development server. Do not use it in a production deployment. Use a production WSGI server instead.[0m
 * Running on all addresses (0.0.0.0)
 * Running on http://127.0.0.1:8000
 * Running on http://192.168.1.107:8000
[2024-12-15 12:33:00 +0600] [8044] [INFO] [33mPress CTRL+C to quit[0m
[2024-12-15 12:33:00 +0600] [8044] [INFO] 192.168.1.107 - - [15/Dec/2024 12:33:00] "GET / HTTP/1.1" 200 -
[2024-12-15 12:33:00 +0600] [8044] [INFO] 192.168.1.107 - - [15/Dec/2024 12:33:00] "GET / HTTP/1.1" 200 -
[2024-12-15 12:33:00 +0600] [8044] [INFO] 192.168.1.107 - - [15/Dec/2024 12:33:00] "GET / HTTP/1.1" 200 -
[2024-12-15 12:33:01 +0600] [8044] [INFO] 192.168.1.107 - - [15/Dec/2024 12:33:01] "GET / HTTP/1.1" 200 -
[2024-12-15 12:33:01 +0600] [8044] [INFO] 192.168.1.107 - - [15/Dec/2024 12:33:01] "GET / HTTP/1.1" 200 -
[2024-12-15 12:33:01 +0600] [8044] [INFO] 192.168.1.107 - - [15/Dec/2024 12:33:01] "GET / HTTP/1.1" 200 -
[2024-12-15 12:33:01 +0600] [8044] [INFO] 192.168.1.107 - - [15/Dec/2024 12:33:01] "GET / HTTP/1.1" 200 -
[2024-12-15 12:33:01 +0600] [8044] [INFO] 192.168.1.107 - - [15/Dec/2024 12:33:01] "GET / HTTP/1.1" 200 -
[2024-12-15 12:33:01 +0600] [8044] [INFO] 192.168.1.107 - - [15/Dec/2024 12:33:01] "GET / HTTP/1.1" 200 -
[2024-12-15 12:35:03 +0600] [8823] [INFO] [31m[1mWARNING: This is a development server. Do not use it in a production deployment. Use a production WSGI server instead.[0m
 * Running on all addresses (0.0.0.0)
 * Running on http://127.0.0.1:8000
 * Running on http://192.168.1.107:8000
[2024-12-15 12:35:03 +0600] [8823] [INFO] [33mPress CTRL+C to quit[0m
[2024-12-15 12:35:03 +0600] [8823] [INFO] 192.168.1.107 - - [15/Dec/2024 12:35:03] "GET / HTTP/1.1" 200 -
[2024-12-15 12:35:05 +0600] [8823] [INFO] 192.168.1.107 - - [15/Dec/2024 12:35:05] "GET / HTTP/1.1" 200 -
[2024-12-15 12:36:26 +0600] [9395] [INFO] [31m[1mWARNING: This is a development server. Do not use it in a production deployment. Use a production WSGI server instead.[0m
 * Running on all addresses (0.0.0.0)
 * Running on http://127.0.0.1:8000
 * Running on http://192.168.1.107:8000
[2024-12-15 12:36:26 +0600] [9395] [INFO] [33mPress CTRL+C to quit[0m
[2024-12-15 12:36:26 +0600] [9395] [INFO] 192.168.1.107 - - [15/Dec/2024 12:36:26] "[35m[1mGET / HTTP/1.1[0m" 500 -
[2024-12-15 12:36:27 +0600] [9395] [INFO] 192.168.1.107 - - [15/Dec/2024 12:36:27] "[35m[1mGET / HTTP/1.1[0m" 500 -
[2024-12-15 12:36:27 +0600] [9395] [INFO] 192.168.1.107 - - [15/Dec/2024 12:36:27] "[35m[1mGET / HTTP/1.1[0m" 500 -
[2024-12-15 12:36:27 +0600] [9395] [INFO] 192.168.1.107 - - [15/Dec/2024 12:36:27] "[35m[1mGET / HTTP/1.1[0m" 500 -
